2015-05-19 10:54:09,987 [Worker-3] INFO  o.e.m.c.i.l.LifecycleMappingFactory - Using org.eclipse.m2e.jdt.JarLifecycleMapping lifecycle mapping for MavenProject: id.co.telkomsigma.lookup.gui:demo:0.0.1-SNAPSHOT @ C:\Users\Saras\Documents\lookup-maintenance\lookup-gui\pom.xml.
2015-05-19 10:54:14,112 [Worker-3] INFO  o.e.m.j.i.AbstractJavaProjectConfigurator - Adding source folder /lookup-gui/src/main/java
2015-05-19 10:54:14,112 [Worker-3] INFO  o.e.m.j.i.AbstractJavaProjectConfigurator - Adding resource folder /lookup-gui/src/main/resources
2015-05-19 10:54:14,112 [Worker-3] INFO  o.e.m.j.i.AbstractJavaProjectConfigurator - Adding resource folder /lookup-gui/src/main/resources
2015-05-19 10:54:14,128 [Worker-3] INFO  o.e.m.j.i.AbstractJavaProjectConfigurator - Adding source folder /lookup-gui/src/test/java
2015-05-19 10:54:14,284 [Worker-7] INFO  o.e.m.c.i.l.LifecycleMappingFactory - Using org.eclipse.m2e.jdt.JarLifecycleMapping lifecycle mapping for MavenProject: id.co.telkomsigma.lookup.gui:demo:0.0.1-SNAPSHOT @ C:\Users\Saras\Documents\lookup-maintenance\lookup-gui\pom.xml.
2015-05-19 10:54:14,409 [Worker-3] INFO  o.e.m.c.i.p.ProjectConfigurationManager - Imported and configured 1 project(s) in 14 sec
2015-05-19 10:54:17,585 [Worker-1] INFO  o.e.m.c.i.embedder.EclipseLogger - Using 'UTF-8' encoding to copy filtered resources.
2015-05-19 10:54:17,592 [Worker-1] INFO  o.e.m.c.i.embedder.EclipseLogger - Copying 1 resource
2015-05-19 10:54:17,612 [Worker-1] INFO  o.e.m.c.i.embedder.EclipseLogger - Copying 0 resource
2015-05-19 10:54:17,617 [Worker-1] INFO  o.e.m.c.i.embedder.EclipseLogger - Using 'UTF-8' encoding to copy filtered resources.
2015-05-19 10:54:17,617 [Worker-1] INFO  o.e.m.c.i.embedder.EclipseLogger - skip non existing resourceDirectory C:\Users\Saras\Documents\lookup-maintenance\lookup-gui\src\test\resources
2015-05-19 10:55:43,721 [Worker-3] INFO  o.e.m.c.i.l.LifecycleMappingFactory - Using org.eclipse.m2e.jdt.JarLifecycleMapping lifecycle mapping for MavenProject: id.co.telkomsigma:lookup-core:0.0.1-SNAPSHOT @ C:\Users\Saras\Documents\lookup-maintenance\lookup-core\pom.xml.
2015-05-19 10:55:45,331 [Worker-3] INFO  o.e.m.j.i.AbstractJavaProjectConfigurator - Adding source folder /lookup-core/src/main/java
2015-05-19 10:55:45,331 [Worker-3] INFO  o.e.m.j.i.AbstractJavaProjectConfigurator - Adding resource folder /lookup-core/src/main/resources
2015-05-19 10:55:45,346 [Worker-3] INFO  o.e.m.j.i.AbstractJavaProjectConfigurator - Adding resource folder /lookup-core/src/main/resources
2015-05-19 10:55:45,362 [Worker-3] INFO  o.e.m.j.i.AbstractJavaProjectConfigurator - Adding source folder /lookup-core/src/test/java
2015-05-19 10:55:46,398 [Worker-3] INFO  o.e.m.c.i.p.ProjectConfigurationManager - Imported and configured 1 project(s) in 3 sec
2015-05-19 10:55:46,398 [Worker-3] INFO  o.e.m.c.i.p.ProjectConfigurationManager - Update started
2015-05-19 10:55:46,570 [Worker-3] INFO  o.e.m.c.i.l.LifecycleMappingFactory - Using org.eclipse.m2e.jdt.JarLifecycleMapping lifecycle mapping for MavenProject: id.co.telkomsigma:lookup-core:0.0.1-SNAPSHOT @ C:\Users\Saras\Documents\lookup-maintenance\lookup-core\pom.xml.
2015-05-19 10:55:47,695 [Worker-3] INFO  o.e.m.j.i.AbstractJavaProjectConfigurator - Adding source folder /lookup-core/src/main/java
2015-05-19 10:55:47,726 [Worker-3] INFO  o.e.m.j.i.AbstractJavaProjectConfigurator - Adding resource folder /lookup-core/src/main/resources
2015-05-19 10:55:47,742 [Worker-3] INFO  o.e.m.j.i.AbstractJavaProjectConfigurator - Adding resource folder /lookup-core/src/main/resources
2015-05-19 10:55:47,742 [Worker-3] INFO  o.e.m.j.i.AbstractJavaProjectConfigurator - Adding source folder /lookup-core/src/test/java
2015-05-19 10:55:49,758 [Worker-3] INFO  o.e.m.c.i.l.LifecycleMappingFactory - Using org.eclipse.m2e.jdt.JarLifecycleMapping lifecycle mapping for MavenProject: id.co.telkomsigma:lookup-core:0.0.1-SNAPSHOT @ C:\Users\Saras\Documents\lookup-maintenance\lookup-core\pom.xml.
2015-05-19 10:55:50,133 [Worker-3] INFO  o.e.m.c.i.p.ProjectConfigurationManager - Update completed: 3 sec
2015-05-19 10:55:51,461 [Worker-6] INFO  o.e.m.c.i.embedder.EclipseLogger - Using 'UTF-8' encoding to copy filtered resources.
2015-05-19 10:55:51,461 [Worker-6] INFO  o.e.m.c.i.embedder.EclipseLogger - Copying 1 resource
2015-05-19 10:55:51,461 [Worker-6] INFO  o.e.m.c.i.embedder.EclipseLogger - Copying 0 resource
2015-05-19 10:55:51,477 [Worker-6] INFO  o.e.m.c.i.embedder.EclipseLogger - Using 'UTF-8' encoding to copy filtered resources.
2015-05-19 10:55:51,477 [Worker-6] INFO  o.e.m.c.i.embedder.EclipseLogger - skip non existing resourceDirectory C:\Users\Saras\Documents\lookup-maintenance\lookup-core\src\test\resources
